<?xml version="1.0" encoding="UTF-8"?>
<!-- Generated by org.testng.reporters.JUnitReportReporter -->
<testsuite hostname="Sivasankar-PC" failures="0" tests="5" name="org.base.ParallelExecutionClassToday" time="0.115" errors="0" timestamp="2023-07-06T15:25:49 IST" skipped="0">
  <testcase classname="org.base.ParallelExecutionClassToday" name="test2" time="0.018"/>
  <testcase classname="org.base.ParallelExecutionClassToday" name="test1" time="0.028"/>
  <testcase classname="org.base.ParallelExecutionClassToday" name="test4" time="0.027"/>
  <testcase classname="org.base.ParallelExecutionClassToday" name="test5" time="0.021"/>
  <testcase classname="org.base.ParallelExecutionClassToday" name="test3" time="0.021"/>
</testsuite> <!-- org.base.ParallelExecutionClassToday -->
