<?xml version="1.0" encoding="UTF-8"?>
<!-- Generated by org.testng.reporters.JUnitReportReporter -->
<testsuite hostname="Sivasankar-PC" failures="0" tests="1" name="org.base.TestOfTestNG" time="49.955" errors="0" timestamp="2023-07-06T15:25:49 IST" skipped="0">
  <testcase classname="org.base.TestOfTestNG" name="tc01" time="49.955"/>
</testsuite> <!-- org.base.TestOfTestNG -->
