<?xml version="1.0" encoding="UTF-8"?>
<!-- Generated by org.testng.reporters.JUnitReportReporter -->
<testsuite hostname="Sivasankar-PC" failures="0" tests="5" name="org.base.TestRunnerClass1" time="0.292" errors="0" timestamp="2023-07-02T00:07:18 IST" skipped="0">
  <testcase classname="org.base.TestRunnerClass1" name="test2" time="0.097"/>
  <testcase classname="org.base.TestRunnerClass1" name="test1" time="0.063"/>
  <testcase classname="org.base.TestRunnerClass1" name="test3" time="0.006"/>
  <testcase classname="org.base.TestRunnerClass1" name="test4" time="0.098"/>
  <testcase classname="org.base.TestRunnerClass1" name="test5" time="0.028"/>
</testsuite> <!-- org.base.TestRunnerClass1 -->
