<?xml version="1.0" encoding="UTF-8"?>
<!-- Generated by org.testng.reporters.JUnitReportReporter -->
<testsuite hostname="Sivasankar-PC" failures="0" tests="5" name="org.base.ProgramForGroupsUsingTestNG" time="0.067" errors="0" timestamp="2023-01-09T00:57:51 IST" skipped="0">
  <testcase classname="org.base.ProgramForGroupsUsingTestNG" name="tco6" time="0.010"/>
  <system-out/>
  <testcase classname="org.base.ProgramForGroupsUsingTestNG" name="tco9" time="0.044"/>
  <system-out/>
  <testcase classname="org.base.ProgramForGroupsUsingTestNG" name="tco4" time="0.005"/>
  <system-out/>
  <testcase classname="org.base.ProgramForGroupsUsingTestNG" name="tco1" time="0.003"/>
  <system-out/>
  <testcase classname="org.base.ProgramForGroupsUsingTestNG" name="tco3" time="0.005"/>
  <system-out/>
</testsuite> <!-- org.base.ProgramForGroupsUsingTestNG -->
