<?xml version="1.0" encoding="UTF-8"?>
<!-- Generated by org.testng.reporters.JUnitReportReporter -->
<testsuite hostname="Sivasankar-PC" failures="0" tests="1" name="org.base.AssertConditionChecking" time="0.204" errors="0" timestamp="2023-07-06T15:25:49 IST" skipped="0">
  <testcase classname="org.base.AssertConditionChecking" name="test01" time="0.204"/>
</testsuite> <!-- org.base.AssertConditionChecking -->
