<?xml version="1.0" encoding="UTF-8"?>
<!-- Generated by org.testng.reporters.JUnitReportReporter -->
<testsuite hostname="Sivasankar-PC" failures="0" tests="10" name="org.base.TestRunnerClass2" time="0.140" errors="0" timestamp="2023-01-07T00:22:00 IST" skipped="0">
  <testcase classname="org.base.TestRunnerClass2" name="test2" time="0.008"/>
  <system-out/>
  <testcase classname="org.base.TestRunnerClass2" name="test2" time="0.007"/>
  <system-out/>
  <testcase classname="org.base.TestRunnerClass2" name="test4" time="0.003"/>
  <system-out/>
  <testcase classname="org.base.TestRunnerClass2" name="test5" time="0.009"/>
  <system-out/>
  <testcase classname="org.base.TestRunnerClass2" name="test5" time="0.082"/>
  <system-out/>
  <testcase classname="org.base.TestRunnerClass2" name="test3" time="0.002"/>
  <system-out/>
  <testcase classname="org.base.TestRunnerClass2" name="test1" time="0.010"/>
  <system-out/>
  <testcase classname="org.base.TestRunnerClass2" name="test4" time="0.013"/>
  <system-out/>
  <testcase classname="org.base.TestRunnerClass2" name="test1" time="0.003"/>
  <system-out/>
  <testcase classname="org.base.TestRunnerClass2" name="test3" time="0.003"/>
  <system-out/>
</testsuite> <!-- org.base.TestRunnerClass2 -->
